

Microchip MPLAB XC8 Assembler V2.46 build 20240104201356 
                                                                                                           Wed Apr 15 18:41:10 2026


     1                           	processor	16F877A
     2                           	pagewidth 132
     3                           	psect	code,global,class=CODE,delta=2
     4                           	psect	powerup,global,class=CODE,delta=2
     5                           	psect	reset_vec,global,class=CODE,delta=2
     6                           	psect	maintext,global,class=CODE,delta=2
     7                           	psect	eeprom_data,global,class=EEDATA,space=3,delta=2,noexec
     8                           	psect	intentry,global,class=CODE,delta=2
     9                           	psect	sivt,global,class=CODE,delta=2
    10                           	psect	functab,global,class=ENTRY,delta=2
    11                           	psect	init,global,class=CODE,delta=2
    12                           	psect	cinit,global,class=CODE,delta=2
    13                           	psect	text,global,class=CODE,delta=2
    14                           	psect	end_init,global,class=CODE,delta=2
    15                           	psect	clrtext,global,class=CODE,delta=2
    16                           	psect	strings,global,reloc=256,class=CODE,delta=2
    17                           	psect	stack,global,class=STACK,space=2,delta=1,noexec
    18                           	psect	heap,global,class=HEAP,space=7,delta=1,noexec
    19                           	psect	common,global,class=COMMON,space=1,delta=1
    20                           	psect	bank0,global,class=BANK0,space=1,delta=1
    21                           	psect	bank1,global,class=BANK1,space=1,delta=1
    22                           	psect	bank2,global,class=BANK2,space=1,delta=1
    23                           	psect	bank3,global,class=BANK3,space=1,delta=1
    24                           	psect	ram,global,class=RAM,space=1,delta=1
    25                           	psect	abs1,global,class=ABS1,space=1,delta=1
    26                           	psect	sfr0,global,class=SFR0,space=1,delta=1
    27                           	psect	sfr1,global,class=SFR1,space=1,delta=1
    28                           	psect	sfr2,global,class=SFR2,space=1,delta=1
    29                           	psect	sfr3,global,class=SFR3,space=1,delta=1
    30                           
    31                           	psect	reset_vec
    32     0000                     reset_vec:
    33                           
    34                           	psect	maintext
    35                           
    36                           ; Microchip MPLAB XC8 C Compiler V2.46
    37                           ; Copyright (C) 2024 Microchip Technology Inc.
    38                           ; Auto-generated runtime startup code for final link stage.
    39                           ;
    40                           ; Compiler options:
    41                           ;
    42                           ; -q --opt=none --chip=16f877a --opt=+1 main.c lcd.c keypad.c uart.c \
    43                           ; zones.c -oenergy_monitor.hex -L--fixupoverflow=error --std=c99 \
    44                           ; --callgraph=none --warn=-3 --errformat=%f:%l:%c: error: (%n) %s \
    45                           ; --warnformat=%f:%l:%c: warning: (%n) %s \
    46                           ; --msgformat=%f:%l:%c: advisory: (%n) %s
    47                           ;
    48     0000                     C	set	0
    49     0002                     Z	set	2
    50     0002                     PCL	set	2
    51     0000                     INDF	set	0
    52     000A                     
    53                           	psect	functab
    54     0000                     intlevel0:
    55     0000                     intlevel1:
    56     0000                     intlevel2:
    57     0000                     intlevel3:
    58     0000                     intlevel4:
    59     0000                     intlevel5:
    60                           
    61                           	psect	init
    62     0000                     start:
    63                           
    64                           	psect	end_init
    65     0000  120A  118A  2FC9   	ljmp	start_initialization	;jump to C runtime clear & initialization
    66                           
    67                           	psect	clrtext
    68     0004                     FSR	set	4
    69                           
    70                           	psect	strings
    71     0000                     
    72                           	psect	stack
    73     0000                     ___sp:
    74     0000                     ___int_sp:
    75     0000                     ___stack_lo:
    76     0000                     ___stack_hi:
    77     0000                     ___int_stack_lo:
    78     0000                     ___int_stack_hi:
    79                           
    80                           	psect	heap
    81                           
    82                           ; No powerup routine
    83                           ; No interrupt routine(s)
    84                           ; No heap to be allocated


Microchip Technology PIC Macro Assembler V2.46 build 20240104201356 
Symbol Table                                                                                               Wed Apr 15 18:41:10 2026

               ___sp 0000                 _main 052D                 start 0000           ___stack_hi 0000  
         ___stack_lo 0000       ___int_stack_hi 0000       ___int_stack_lo 0000  start_initialization 07C9  
          ___heap_hi 0000            ___heap_lo 0000            ___stackhi 0000            ___stacklo 0000  
           ___int_sp 0000             intlevel0 0000             intlevel1 0000             intlevel2 0000  
           intlevel3 0000             intlevel4 0000             intlevel5 0000             reset_vec 0000  
